t_name
FBtr0114258    False
FBtr0346770    False
FBtr0302440    False
FBtr0302347     True
FBtr0346769    False
FBtr0345282    False
FBtr0345281    False
FBtr0300207    False
FBtr0113885    False
FBtr0301810     True
FBtr0113895    False
FBtr0345179     True
FBtr0301812    False
FBtr0113990     True
FBtr0113991    False
FBtr0344573    False
FBtr0113989     True
FBtr0336454    False
FBtr0339974    False
FBtr0301942    False
FBtr0113694    False
FBtr0302850    False
FBtr0113687    False
FBtr0113690    False
FBtr0113692    False
FBtr0302846    False
FBtr0302847    False
FBtr0302848    False
FBtr0302849    False
FBtr0114267    False
               ...  
FBtr0114210    False
FBtr0308947    False
FBtr0302352    False
FBtr0114196    False
FBtr0114201    False
FBtr0114223    False
FBtr0347034    False
FBtr0300161    False
FBtr0114202    False
FBtr0114249    False
FBtr0114285    False
FBtr0114280     True
FBtr0114257    False
FBtr0302344    False
FBtr0114218    False
FBtr0114207    False
FBtr0114208    False
FBtr0114214    False
FBtr0300167    False
FBtr0114211    False
FBtr0114198    False
FBtr0114206    False
FBtr0114253    False
FBtr0114209    False
FBtr0114284    False
FBtr0114187    False
FBtr0304147    False
FBtr0114216    False
FBtr0114222    False
FBtr0114283    False
Length: 34718, dtype: bool
